2024-05-01 14:53:30 - inside - "D:\repo\API_TestFrame\Common\WrapRequest.py:93" - send_http - DEBUG - вҶ“вҶ“вҶ“вҶ“вҶ“вҶ“вҶ“вҶ“иҜ·жұӮејҖе§ӢвҶ“вҶ“вҶ“вҶ“вҶ“вҶ“вҶ“вҶ“
2024-05-01 14:53:30 - inside - "D:\repo\API_TestFrame\Common\WrapRequest.py:37" - _prepare - WARNING - вҶ“вҶ“вҶ“вҶ“ејҖе§ӢдёҠдј еҸӮж•°вҶ“вҶ“вҶ“вҶ“
2024-05-01 14:53:30 - inside - "D:\repo\API_TestFrame\Common\WrapRequest.py:48" - _prepare - INFO - 
{
    "method": "get",
    "url": "https://petstore3.swagger.io/api/v3/user/login",
    "params": {
        "username": "test",
        "password": "abc123"
    },
    "data": null,
    "headers": null,
    "cookies": null,
    "json": null,
    "file_paths": null,
    "auth": null,
    "timeout": null,
    "allow_redirects": true,
    "proxies": null,
    "hooks": null,
    "stream": false,
    "verify": null,
    "cert": null
}
2024-05-01 14:53:30 - inside - "D:\repo\API_TestFrame\Common\WrapRequest.py:50" - _prepare - WARNING - вҶ‘вҶ‘вҶ‘вҶ‘еҸӮж•°дёҠдј з»“жқҹвҶ‘вҶ‘вҶ‘вҶ‘
2024-05-01 14:53:31 - inside - "D:\repo\API_TestFrame\Common\WrapRequest.py:121" - send_http - WARNING - вҶ“вҶ“вҶ“вҶ“ејҖе§Ӣиҝ”еӣһе“Қеә”вҶ“вҶ“вҶ“вҶ“
2024-05-01 14:53:31 - inside - "D:\repo\API_TestFrame\Common\ResponsesType.py:59" - handle_resp - INFO - зҠ¶жҖҒз Ғдёәпјҡ200 OK
2024-05-01 14:53:31 - inside - "D:\repo\API_TestFrame\Common\ResponsesType.py:61" - handle_resp - INFO - е“Қеә”зҡ„зұ»еһӢдёәпјҡapplication/json
2024-05-01 14:53:31 - inside - "D:\repo\API_TestFrame\Common\ResponsesType.py:23" - __init__ - INFO - иҝ”еӣһзҡ„жҳҜ jsonпјҒ
2024-05-01 14:53:31 - inside - "D:\repo\API_TestFrame\Common\WrapRequest.py:126" - send_http - ERROR - иҝ”еӣһзҡ„ json и§ЈжһҗеӨұиҙҘпјҒCouldn't decode the text into json
2024-05-01 14:53:31 - inside - "D:\repo\API_TestFrame\Common\WrapRequest.py:128" - send_http - INFO - иҝ”еӣһзҡ„дәҢиҝӣеҲ¶ж•°жҚ®дёәпјҡb'Logged in user session: 4155491387108734140'
2024-05-01 14:53:31 - inside - "D:\repo\API_TestFrame\Common\WrapRequest.py:129" - send_http - ERROR - Expecting value: line 1 column 1 (char 0)
2024-05-01 14:53:31 - inside - "D:\repo\API_TestFrame\Common\WrapRequest.py:132" - send_http - WARNING - вҶ‘вҶ‘вҶ‘вҶ‘е“Қеә”иҝ”еӣһз»“жқҹвҶ‘вҶ‘вҶ‘вҶ‘
2024-05-01 14:53:31 - inside - "D:\repo\API_TestFrame\Common\WrapRequest.py:133" - send_http - DEBUG - вҶ‘вҶ‘вҶ‘вҶ‘вҶ‘вҶ‘вҶ‘вҶ‘иҜ·жұӮз»“жқҹвҶ‘вҶ‘вҶ‘вҶ‘вҶ‘вҶ‘вҶ‘вҶ‘
